2026-02-26 16:20:15,133 [INFO] API base: http://localhost:8080 (via SSH to ubuntu@10.211.117.207)
2026-02-26 16:20:15,133 [INFO] Target strains (10): ['Fusarium oxysporum', 'Fusarium graminearum', 'Trichoderma reesei', 'Aspergillus niger', 'Aspergillus oryzae', 'Neurospora crassa', 'Rhizopus oryzae', 'Mucor indicus', 'Paecilomyces variotii', 'Myceliophthora thermophila']
2026-02-26 16:20:15,340 [INFO] API OK. Available strains: ['Aspergillus niger', 'Aspergillus oryzae', 'F_venenatum_A35', 'Fusarium graminearum', 'Fusarium oxysporum', 'Fusarium venenatum', 'Hansenula polymorpha', 'Mucor indicus', 'Myceliophthora thermophila', 'Neurospora crassa', 'Paecilomyces variotii', 'Pichia pastoris', 'Rhizopus oryzae', 'Saccharomyces cerevisiae', 'Trichoderma reesei']
2026-02-26 16:20:15,340 [INFO] 
============================================================
2026-02-26 16:20:15,340 [INFO] >>> [1/10] Fusarium oxysporum <<<
2026-02-26 16:20:15,340 [INFO] ============================================================
2026-02-26 16:20:15,340 [INFO] Starting discovery for: Fusarium oxysporum
2026-02-26 16:20:15,512 [INFO]   Task started: 35c96b40
2026-02-26 16:20:45,880 [INFO]   [running] 1/5 — stage: search
2026-02-26 16:21:16,083 [INFO]   [running] 1/5 — stage: search
2026-02-26 16:21:46,426 [INFO]   [running] 1/5 — stage: search
2026-02-26 16:22:16,627 [INFO]   [running] 1/5 — stage: search
2026-02-26 16:22:46,979 [INFO]   [running] 1/5 — stage: search
2026-02-26 16:23:17,186 [INFO]   [running] 1/5 — stage: search
2026-02-26 16:23:47,536 [INFO]   [completed] 5/5 — stage: 
2026-02-26 16:23:47,717 [INFO]   Result: source=literature, papers=13, params=12, similar=Fusarium oxysporum (1.00)
2026-02-26 16:23:49,719 [INFO] 
============================================================
2026-02-26 16:23:49,720 [INFO] >>> [2/10] Fusarium graminearum <<<
2026-02-26 16:23:49,720 [INFO] ============================================================
2026-02-26 16:23:49,720 [INFO] Starting discovery for: Fusarium graminearum
2026-02-26 16:23:49,905 [INFO]   Task started: 0b45710b
2026-02-26 16:24:20,109 [INFO]   [running] 1/5 — stage: search
2026-02-26 16:24:50,448 [INFO]   [completed] 5/5 — stage: 
2026-02-26 16:24:50,629 [INFO]   Result: source=literature, papers=3, params=1, similar=Fusarium graminearum (1.00)
2026-02-26 16:24:52,632 [INFO] 
============================================================
2026-02-26 16:24:52,632 [INFO] >>> [3/10] Trichoderma reesei <<<
2026-02-26 16:24:52,632 [INFO] ============================================================
2026-02-26 16:24:52,632 [INFO] Starting discovery for: Trichoderma reesei
2026-02-26 16:24:52,805 [INFO]   Task started: d8ddbf72
2026-02-26 16:25:23,017 [INFO]   [running] 1/5 — stage: search
2026-02-26 16:25:53,374 [INFO]   [running] 1/5 — stage: search
2026-02-26 16:26:23,573 [INFO]   [running] 1/5 — stage: search
2026-02-26 16:26:53,906 [INFO]   [running] 1/5 — stage: search
2026-02-26 16:27:24,095 [INFO]   [running] 1/5 — stage: search
2026-02-26 16:27:54,411 [INFO]   [running] 1/5 — stage: search
2026-02-26 16:28:24,622 [INFO]   [running] 1/5 — stage: search
2026-02-26 16:28:54,972 [INFO]   [running] 1/5 — stage: search
2026-02-26 16:29:25,182 [INFO]   [running] 1/5 — stage: search
2026-02-26 16:29:55,544 [INFO]   [running] 1/5 — stage: search
2026-02-26 16:30:25,741 [INFO]   [running] 1/5 — stage: search
2026-02-26 16:30:56,086 [INFO]   [running] 1/5 — stage: search
2026-02-26 16:31:26,260 [INFO]   [running] 1/5 — stage: search
2026-02-26 16:31:56,592 [INFO]   [running] 1/5 — stage: search
2026-02-26 16:32:26,779 [INFO]   [running] 1/5 — stage: search
2026-02-26 16:32:57,116 [INFO]   [running] 1/5 — stage: search
2026-02-26 16:33:27,326 [INFO]   [completed] 5/5 — stage: 
2026-02-26 16:33:27,495 [INFO]   Result: source=literature, papers=38, params=19, similar=Trichoderma reesei (1.00)
2026-02-26 16:33:29,497 [INFO] 
============================================================
2026-02-26 16:33:29,498 [INFO] >>> [4/10] Aspergillus niger <<<
2026-02-26 16:33:29,498 [INFO] ============================================================
2026-02-26 16:33:29,498 [INFO] Starting discovery for: Aspergillus niger
2026-02-26 16:33:29,673 [INFO]   Task started: 3b0d34d8
2026-02-26 16:34:00,037 [INFO]   [running] 1/5 — stage: search
2026-02-26 16:34:30,254 [INFO]   [running] 1/5 — stage: search
2026-02-26 16:35:00,619 [INFO]   [running] 1/5 — stage: search
2026-02-26 16:35:30,830 [INFO]   [running] 1/5 — stage: search
2026-02-26 16:36:01,228 [INFO]   [running] 1/5 — stage: search
2026-02-26 16:36:31,430 [INFO]   [running] 1/5 — stage: search
2026-02-26 16:37:01,817 [INFO]   [running] 1/5 — stage: search
2026-02-26 16:37:32,035 [INFO]   [running] 1/5 — stage: search
2026-02-26 16:38:02,368 [INFO]   [running] 1/5 — stage: search
2026-02-26 16:38:32,577 [INFO]   [running] 1/5 — stage: search
2026-02-26 16:39:02,937 [INFO]   [running] 1/5 — stage: search
2026-02-26 16:39:33,139 [INFO]   [completed] 5/5 — stage: 
2026-02-26 16:39:33,303 [INFO]   Result: source=literature, papers=20, params=16, similar=Aspergillus niger (1.00)
2026-02-26 16:39:35,305 [INFO] 
============================================================
2026-02-26 16:39:35,306 [INFO] >>> [5/10] Aspergillus oryzae <<<
2026-02-26 16:39:35,306 [INFO] ============================================================
2026-02-26 16:39:35,306 [INFO] Starting discovery for: Aspergillus oryzae
2026-02-26 16:39:35,477 [INFO]   Task started: 1ac79edf
2026-02-26 16:40:05,886 [INFO]   [running] 1/5 — stage: search
2026-02-26 16:40:36,088 [INFO]   [running] 1/5 — stage: search
2026-02-26 16:41:06,432 [INFO]   [running] 1/5 — stage: search
2026-02-26 16:41:36,640 [INFO]   [running] 1/5 — stage: search
2026-02-26 16:42:07,007 [INFO]   [running] 1/5 — stage: search
2026-02-26 16:42:37,205 [INFO]   [running] 1/5 — stage: search
2026-02-26 16:43:07,568 [INFO]   [running] 1/5 — stage: search
2026-02-26 16:43:37,772 [INFO]   [running] 1/5 — stage: search
2026-02-26 16:44:08,133 [INFO]   [running] 1/5 — stage: search
2026-02-26 16:44:38,350 [INFO]   [running] 1/5 — stage: search
2026-02-26 16:45:08,719 [INFO]   [running] 1/5 — stage: search
2026-02-26 16:45:38,923 [INFO]   [running] 1/5 — stage: search
2026-02-26 16:46:09,283 [INFO]   [running] 1/5 — stage: search
2026-02-26 16:46:39,497 [INFO]   [running] 1/5 — stage: search
2026-02-26 16:47:09,823 [INFO]   [completed] 5/5 — stage: 
2026-02-26 16:47:09,994 [INFO]   Result: source=literature, papers=20, params=23, similar=Aspergillus oryzae (1.00)
2026-02-26 16:47:11,996 [INFO] 
============================================================
2026-02-26 16:47:11,997 [INFO] >>> [6/10] Neurospora crassa <<<
2026-02-26 16:47:11,997 [INFO] ============================================================
2026-02-26 16:47:11,997 [INFO] Starting discovery for: Neurospora crassa
2026-02-26 16:47:12,174 [INFO]   Task started: e9a70b94
2026-02-26 16:47:42,394 [INFO]   [running] 1/5 — stage: search
2026-02-26 16:48:12,745 [INFO]   [running] 1/5 — stage: search
2026-02-26 16:48:42,962 [INFO]   [running] 1/5 — stage: search
2026-02-26 16:49:13,300 [INFO]   [running] 1/5 — stage: search
2026-02-26 16:49:43,524 [INFO]   [running] 1/5 — stage: search
2026-02-26 16:50:13,864 [INFO]   [running] 1/5 — stage: search
2026-02-26 16:50:44,053 [INFO]   [running] 1/5 — stage: search
2026-02-26 16:51:14,402 [INFO]   [running] 1/5 — stage: search
2026-02-26 16:51:44,601 [INFO]   [running] 1/5 — stage: search
2026-02-26 16:52:14,943 [INFO]   [running] 1/5 — stage: search
2026-02-26 16:52:45,139 [INFO]   [completed] 5/5 — stage: 
2026-02-26 16:52:45,326 [INFO]   Result: source=literature, papers=10, params=17, similar=Neurospora crassa (1.00)
2026-02-26 16:52:47,328 [INFO] 
============================================================
2026-02-26 16:52:47,328 [INFO] >>> [7/10] Rhizopus oryzae <<<
2026-02-26 16:52:47,329 [INFO] ============================================================
2026-02-26 16:52:47,329 [INFO] Starting discovery for: Rhizopus oryzae
2026-02-26 16:52:47,511 [INFO]   Task started: c0ba0d82
2026-02-26 16:53:17,880 [INFO]   [running] 1/5 — stage: search
2026-02-26 16:53:48,065 [INFO]   [running] 1/5 — stage: search
2026-02-26 16:54:18,398 [INFO]   [running] 1/5 — stage: search
2026-02-26 16:54:48,611 [INFO]   [running] 1/5 — stage: search
2026-02-26 16:55:18,944 [INFO]   [running] 1/5 — stage: search
2026-02-26 16:55:49,144 [INFO]   [running] 1/5 — stage: search
2026-02-26 16:56:19,511 [INFO]   [running] 1/5 — stage: search
2026-02-26 16:56:49,737 [INFO]   [running] 1/5 — stage: search
2026-02-26 16:57:20,163 [INFO]   [running] 1/5 — stage: search
2026-02-26 16:57:50,364 [INFO]   [running] 1/5 — stage: search
2026-02-26 16:58:20,706 [INFO]   [running] 1/5 — stage: search
2026-02-26 16:58:50,918 [INFO]   [running] 1/5 — stage: search
2026-02-26 16:59:21,275 [INFO]   [running] 1/5 — stage: search
2026-02-26 16:59:51,488 [INFO]   [running] 1/5 — stage: search
2026-02-26 17:00:21,841 [INFO]   [running] 1/5 — stage: search
2026-02-26 17:00:52,040 [INFO]   [running] 1/5 — stage: search
2026-02-26 17:01:22,400 [INFO]   [running] 1/5 — stage: search
2026-02-26 17:01:52,603 [INFO]   [running] 1/5 — stage: search
2026-02-26 17:02:22,967 [INFO]   [running] 1/5 — stage: search
2026-02-26 17:02:53,181 [INFO]   [running] 1/5 — stage: search
2026-02-26 17:03:23,505 [INFO]   [running] 1/5 — stage: search
2026-02-26 17:03:53,697 [INFO]   [running] 1/5 — stage: search
2026-02-26 17:04:24,060 [INFO]   [running] 1/5 — stage: search
2026-02-26 17:04:54,253 [INFO]   [running] 1/5 — stage: search
2026-02-26 17:05:24,594 [INFO]   [running] 1/5 — stage: search
2026-02-26 17:05:54,775 [INFO]   [running] 1/5 — stage: search
2026-02-26 17:06:25,137 [INFO]   [running] 1/5 — stage: search
2026-02-26 17:06:55,348 [INFO]   [running] 1/5 — stage: search
2026-02-26 17:07:25,713 [INFO]   [completed] 5/5 — stage: 
2026-02-26 17:07:25,882 [INFO]   Result: source=literature, papers=16, params=29, similar=Rhizopus oryzae (1.00)
2026-02-26 17:07:27,883 [INFO] 
============================================================
2026-02-26 17:07:27,883 [INFO] >>> [8/10] Mucor indicus <<<
2026-02-26 17:07:27,883 [INFO] ============================================================
2026-02-26 17:07:27,883 [INFO] Starting discovery for: Mucor indicus
2026-02-26 17:07:28,062 [INFO]   Task started: c0d64b99
2026-02-26 17:07:58,260 [INFO]   [completed] 5/5 — stage: 
2026-02-26 17:07:58,430 [INFO]   Result: source=taxonomy_match, papers=0, params=0, similar=Mucor indicus (1.00)
2026-02-26 17:08:00,432 [INFO] 
============================================================
2026-02-26 17:08:00,432 [INFO] >>> [9/10] Paecilomyces variotii <<<
2026-02-26 17:08:00,433 [INFO] ============================================================
2026-02-26 17:08:00,433 [INFO] Starting discovery for: Paecilomyces variotii
2026-02-26 17:08:00,608 [INFO]   Task started: 72efa181
2026-02-26 17:08:30,957 [INFO]   [running] 1/5 — stage: search
2026-02-26 17:09:01,162 [INFO]   [running] 1/5 — stage: search
2026-02-26 17:09:31,516 [INFO]   [completed] 5/5 — stage: 
2026-02-26 17:09:31,689 [INFO]   Result: source=literature, papers=22, params=6, similar=Paecilomyces variotii (1.00)
2026-02-26 17:09:33,691 [INFO] 
============================================================
2026-02-26 17:09:33,692 [INFO] >>> [10/10] Myceliophthora thermophila <<<
2026-02-26 17:09:33,692 [INFO] ============================================================
2026-02-26 17:09:33,692 [INFO] Starting discovery for: Myceliophthora thermophila
2026-02-26 17:09:33,873 [INFO]   Task started: 62384cad
2026-02-26 17:10:04,077 [INFO]   [running] 1/5 — stage: search
2026-02-26 17:10:34,409 [INFO]   [running] 1/5 — stage: search
2026-02-26 17:11:04,625 [INFO]   [running] 1/5 — stage: search
2026-02-26 17:11:34,996 [INFO]   [running] 1/5 — stage: search
2026-02-26 17:12:05,402 [INFO]   [completed] 5/5 — stage: 
2026-02-26 17:12:05,579 [INFO]   Result: source=literature, papers=6, params=2, similar=Myceliophthora thermophila (1.00)
2026-02-26 17:12:05,579 [INFO] 
============================================================
2026-02-26 17:12:05,580 [INFO] CRAWLING COMPLETE — 51.8 minutes
2026-02-26 17:12:05,580 [INFO] ============================================================
2026-02-26 17:12:05,580 [INFO]   Fusarium oxysporum                 :  13 papers,  12 params, source=literature
2026-02-26 17:12:05,580 [INFO]   Fusarium graminearum               :   3 papers,   1 params, source=literature
2026-02-26 17:12:05,580 [INFO]   Trichoderma reesei                 :  38 papers,  19 params, source=literature
2026-02-26 17:12:05,580 [INFO]   Aspergillus niger                  :  20 papers,  16 params, source=literature
2026-02-26 17:12:05,580 [INFO]   Aspergillus oryzae                 :  20 papers,  23 params, source=literature
2026-02-26 17:12:05,580 [INFO]   Neurospora crassa                  :  10 papers,  17 params, source=literature
2026-02-26 17:12:05,580 [INFO]   Rhizopus oryzae                    :  16 papers,  29 params, source=literature
2026-02-26 17:12:05,580 [INFO]   Mucor indicus                      :   0 papers,   0 params, source=taxonomy_match
2026-02-26 17:12:05,580 [INFO]   Paecilomyces variotii              :  22 papers,   6 params, source=literature
2026-02-26 17:12:05,580 [INFO]   Myceliophthora thermophila         :   6 papers,   2 params, source=literature
2026-02-26 17:12:05,580 [INFO] Total: 148 papers, 125 params
2026-02-26 17:12:05,589 [INFO] Results saved to crawl_results.json
2026-02-26 18:37:11,549 [INFO] API base: http://localhost:8080 (via SSH to ubuntu@10.211.117.207)
2026-02-26 18:37:11,580 [INFO] Target strains (5): ['Penicillium cyclopium', 'Rhizopus chinensis', 'Candida intermedia', 'Aspergillus fumigatus', 'Torula sp.']
2026-02-26 18:37:12,158 [INFO] API OK. Available strains: ['Aspergillus niger', 'Aspergillus oryzae', 'F_venenatum_A35', 'Fusarium graminearum', 'Fusarium oxysporum', 'Fusarium venenatum', 'Hansenula polymorpha', 'Mucor indicus', 'Myceliophthora thermophila', 'Neurospora crassa', 'Paecilomyces variotii', 'Pichia pastoris', 'Rhizopus oryzae', 'Saccharomyces cerevisiae', 'Trichoderma reesei']
2026-02-26 18:37:12,159 [INFO] 
============================================================
2026-02-26 18:37:12,159 [INFO] >>> [1/5] Penicillium cyclopium <<<
2026-02-26 18:37:12,159 [INFO] ============================================================
2026-02-26 18:37:12,159 [INFO] Starting discovery for: Penicillium cyclopium
2026-02-26 18:37:12,341 [INFO]   Task started: 59b55a0d
2026-02-26 18:37:42,543 [INFO]   [completed] 5/5 — stage: 
2026-02-26 18:37:42,716 [INFO]   Result: source=taxonomy_match, papers=0, params=0, similar=Aspergillus niger (0.81)
2026-02-26 18:37:44,718 [INFO] 
============================================================
2026-02-26 18:37:44,718 [INFO] >>> [2/5] Rhizopus chinensis <<<
2026-02-26 18:37:44,718 [INFO] ============================================================
2026-02-26 18:37:44,718 [INFO] Starting discovery for: Rhizopus chinensis
2026-02-26 18:37:44,885 [INFO]   Task started: f274d01b
2026-02-26 18:38:15,219 [INFO]   [completed] 5/5 — stage: 
2026-02-26 18:38:15,399 [INFO]   Result: source=taxonomy_match, papers=0, params=0, similar=Rhizopus oryzae (0.86)
2026-02-26 18:38:17,402 [INFO] 
============================================================
2026-02-26 18:38:17,402 [INFO] >>> [3/5] Candida intermedia <<<
2026-02-26 18:38:17,402 [INFO] ============================================================
2026-02-26 18:38:17,402 [INFO] Starting discovery for: Candida intermedia
2026-02-26 18:38:17,628 [INFO]   Task started: 130db871
2026-02-26 18:38:47,843 [INFO]   [running] 1/5 — stage: search
2026-02-26 18:39:18,416 [INFO]   [running] 1/5 — stage: search
2026-02-26 18:39:48,632 [INFO]   [running] 1/5 — stage: search
2026-02-26 18:40:18,991 [INFO]   [running] 1/5 — stage: search
2026-02-26 18:40:49,200 [INFO]   [completed] 5/5 — stage: 
2026-02-26 18:40:49,377 [INFO]   Result: source=taxonomy_match, papers=5, params=0, similar=Hansenula polymorpha (0.69)
2026-02-26 18:40:51,379 [INFO] 
============================================================
2026-02-26 18:40:51,379 [INFO] >>> [4/5] Aspergillus fumigatus <<<
2026-02-26 18:40:51,380 [INFO] ============================================================
2026-02-26 18:40:51,380 [INFO] Starting discovery for: Aspergillus fumigatus
2026-02-26 18:40:51,584 [INFO]   Task started: 19fa24c4
2026-02-26 18:41:21,970 [INFO]   [running] 1/5 — stage: search
2026-02-26 18:41:52,185 [INFO]   [running] 1/5 — stage: search
2026-02-26 18:42:22,531 [INFO]   [running] 1/5 — stage: search
2026-02-26 18:42:52,726 [INFO]   [running] 1/5 — stage: search
2026-02-26 18:43:23,093 [INFO]   [running] 1/5 — stage: search
2026-02-26 18:43:53,314 [INFO]   [running] 1/5 — stage: search
2026-02-26 18:44:23,715 [INFO]   [running] 1/5 — stage: search
2026-02-26 18:44:53,977 [INFO]   [running] 1/5 — stage: search
2026-02-26 18:45:24,323 [INFO]   [running] 1/5 — stage: search
2026-02-26 18:45:54,564 [INFO]   [completed] 5/5 — stage: 
2026-02-26 18:45:54,748 [INFO]   Result: source=literature, papers=11, params=8, similar=Aspergillus niger (0.88)
2026-02-26 18:45:56,750 [INFO] 
============================================================
2026-02-26 18:45:56,750 [INFO] >>> [5/5] Torula sp. <<<
2026-02-26 18:45:56,750 [INFO] ============================================================
2026-02-26 18:45:56,750 [INFO] Starting discovery for: Torula sp.
2026-02-26 18:45:56,927 [INFO]   Task started: 220b0e75
2026-02-26 18:46:27,283 [INFO]   [completed] 5/5 — stage: 
2026-02-26 18:46:27,458 [INFO]   Result: source=literature, papers=1, params=3, similar=Aspergillus fumigatus (0.53)
2026-02-26 18:46:27,458 [INFO] 
============================================================
2026-02-26 18:46:27,458 [INFO] CRAWLING COMPLETE — 9.3 minutes
2026-02-26 18:46:27,458 [INFO] ============================================================
2026-02-26 18:46:27,458 [INFO]   Penicillium cyclopium              :   0 papers,   0 params, source=taxonomy_match
2026-02-26 18:46:27,458 [INFO]   Rhizopus chinensis                 :   0 papers,   0 params, source=taxonomy_match
2026-02-26 18:46:27,458 [INFO]   Candida intermedia                 :   5 papers,   0 params, source=taxonomy_match
2026-02-26 18:46:27,458 [INFO]   Aspergillus fumigatus              :  11 papers,   8 params, source=literature
2026-02-26 18:46:27,459 [INFO]   Torula sp.                         :   1 papers,   3 params, source=literature
2026-02-26 18:46:27,459 [INFO] Total: 17 papers, 11 params
2026-02-26 18:46:27,466 [INFO] Results saved to crawl_results.json
